{"name": "Полный флоу заказа тарифа 'Рабочий' с чекбоксом и деталями", "status": "skipped", "statusDetails": {"message": "XFAIL Кнопка 'Отменить' в окне Заказа такси не работает\n\nselenium.common.exceptions.TimeoutException: Message: \nStacktrace:\n\tGetHandleVerifier [0x0x7ff62af8e8e5+80021]\n\tGetHandleVerifier [0x0x7ff62af8e940+80112]\n\t(No symbol) [0x0x7ff62ad1060f]\n\t(No symbol) [0x0x7ff62ad68854]\n\t(No symbol) [0x0x7ff62ad68b1c]\n\t(No symbol) [0x0x7ff62adbc927]\n\t(No symbol) [0x0x7ff62ad9126f]\n\t(No symbol) [0x0x7ff62adb968a]\n\t(No symbol) [0x0x7ff62ad91003]\n\t(No symbol) [0x0x7ff62ad595d1]\n\t(No symbol) [0x0x7ff62ad5a3f3]\n\tGetHandleVerifier [0x0x7ff62b24dc7d+2960429]\n\tGetHandleVerifier [0x0x7ff62b247f3a+2936554]\n\tGetHandleVerifier [0x0x7ff62b268977+3070247]\n\tGetHandleVerifier [0x0x7ff62afa83ce+185214]\n\tGetHandleVerifier [0x0x7ff62afafe1f+216527]\n\tGetHandleVerifier [0x0x7ff62af97b24+117460]\n\tGetHandleVerifier [0x0x7ff62af97cdf+117903]\n\tGetHandleVerifier [0x0x7ff62af7dbb8+11112]\n\tBaseThreadInitThunk [0x0x7ff8652ae8d7+23]\n\tRtlUserThreadStart [0x0x7ff8668ac53c+44]", "trace": "self = <test_order_taxi.TestOrderTaxi object at 0x0000022244887350>\ndriver = <selenium.webdriver.chrome.webdriver.WebDriver (session=\"66fe32c9528da2caa322d38a316937db\")>\nprepared_order_taxi_page = <pages.order_taxi_page.OrderTaxiPage object at 0x00000222449B2450>\n\n    @allure.title(\"Полный флоу заказа тарифа 'Рабочий' с чекбоксом и деталями\")\n    @pytest.mark.xfail(reason=\"Кнопка 'Отменить' в окне Заказа такси не работает\")\n    def test_complete_order_flow(self, driver, prepared_order_taxi_page):\n        page = prepared_order_taxi_page\n    \n        with allure.step(\"Выбираем тариф 'Рабочий' и сохраняем его цену\"):\n            page.select_working_fare()\n            expected_price = page.get_selected_fare_price(data.WORKING)\n    \n        with allure.step(\"Включаем чекбокс 'Столик для ноутбука'\"):\n            page.open_order_requirements()\n            page.enable_table_for_notebook()\n    \n        with allure.step(\"Нажимаем кнопку 'Вызвать такси'\"):\n            page.click_order_taxi_smart_button()\n    \n        with allure.step(\"Проверяем отображение окна ожидания машины\"):\n            page.verify_wait_car_window_displayed()\n    \n        with allure.step(\"Дожидаемся завершения поиска машины и проверяем окно совершенного заказа\"):\n>           page.verify_completed_order_window_displayed()\n\ntests\\test_order_taxi.py:50: \n_ _ _ _ _ _ _ _ _ _ _ _ _ _ _ _ _ _ _ _ _ _ _ _ _ _ _ _ _ _ _ _ _ _ _ _ _ _ _ _ _ _ _ _ _ _ _ _ _ _ _ _ _ _ _ _ _ _ _ _ _ _ _ _ _ _ _ _ _ _ _ _ _\npages\\order_taxi_page.py:102: in verify_completed_order_window_displayed\n    assert self.check_displayed_element(OrderTaxiLocators.CAR_NUMBER), \\\n           ^^^^^^^^^^^^^^^^^^^^^^^^^^^^^^^^^^^^^^^^^^^^^^^^^^^^^^^^^^\npages\\base_page.py:63: in check_displayed_element\n    element = self.waiting_for_element(locator)\n              ^^^^^^^^^^^^^^^^^^^^^^^^^^^^^^^^^\npages\\base_page.py:18: in waiting_for_element\n    return self.wait.until(EC.visibility_of_element_located(locator))\n           ^^^^^^^^^^^^^^^^^^^^^^^^^^^^^^^^^^^^^^^^^^^^^^^^^^^^^^^^^^\n_ _ _ _ _ _ _ _ _ _ _ _ _ _ _ _ _ _ _ _ _ _ _ _ _ _ _ _ _ _ _ _ _ _ _ _ _ _ _ _ _ _ _ _ _ _ _ _ _ _ _ _ _ _ _ _ _ _ _ _ _ _ _ _ _ _ _ _ _ _ _ _ _\n\nself = <selenium.webdriver.support.wait.WebDriverWait (session=\"66fe32c9528da2caa322d38a316937db\")>\nmethod = <function visibility_of_element_located.<locals>._predicate at 0x00000222449EB240>, message = ''\n\n    def until(self, method: Callable[[D], Union[Literal[False], T]], message: str = \"\") -> T:\n        \"\"\"Wait until the method returns a value that is not False.\n    \n        Calls the method provided with the driver as an argument until the\n        return value does not evaluate to ``False``.\n    \n        Parameters:\n        -----------\n        method: callable(WebDriver)\n            - A callable object that takes a WebDriver instance as an argument.\n    \n        message: str\n            - Optional message for :exc:`TimeoutException`\n    \n        Return:\n        -------\n        object: T\n            - The result of the last call to `method`\n    \n        Raises:\n        -------\n        TimeoutException\n            - If 'method' does not return a truthy value within the WebDriverWait\n            object's timeout\n    \n        Example:\n        --------\n        >>> from selenium.webdriver.common.by import By\n        >>> from selenium.webdriver.support.ui import WebDriverWait\n        >>> from selenium.webdriver.support import expected_conditions as EC\n    \n        # Wait until an element is visible on the page\n        >>> wait = WebDriverWait(driver, 10)\n        >>> element = wait.until(EC.visibility_of_element_located((By.ID, \"exampleId\")))\n        >>> print(element.text)\n        \"\"\"\n        screen = None\n        stacktrace = None\n    \n        end_time = time.monotonic() + self._timeout\n        while True:\n            try:\n                value = method(self._driver)\n                if value:\n                    return value\n            except self._ignored_exceptions as exc:\n                screen = getattr(exc, \"screen\", None)\n                stacktrace = getattr(exc, \"stacktrace\", None)\n            if time.monotonic() > end_time:\n                break\n            time.sleep(self._poll)\n>       raise TimeoutException(message, screen, stacktrace)\nE       selenium.common.exceptions.TimeoutException: Message: \nE       Stacktrace:\nE       \tGetHandleVerifier [0x0x7ff62af8e8e5+80021]\nE       \tGetHandleVerifier [0x0x7ff62af8e940+80112]\nE       \t(No symbol) [0x0x7ff62ad1060f]\nE       \t(No symbol) [0x0x7ff62ad68854]\nE       \t(No symbol) [0x0x7ff62ad68b1c]\nE       \t(No symbol) [0x0x7ff62adbc927]\nE       \t(No symbol) [0x0x7ff62ad9126f]\nE       \t(No symbol) [0x0x7ff62adb968a]\nE       \t(No symbol) [0x0x7ff62ad91003]\nE       \t(No symbol) [0x0x7ff62ad595d1]\nE       \t(No symbol) [0x0x7ff62ad5a3f3]\nE       \tGetHandleVerifier [0x0x7ff62b24dc7d+2960429]\nE       \tGetHandleVerifier [0x0x7ff62b247f3a+2936554]\nE       \tGetHandleVerifier [0x0x7ff62b268977+3070247]\nE       \tGetHandleVerifier [0x0x7ff62afa83ce+185214]\nE       \tGetHandleVerifier [0x0x7ff62afafe1f+216527]\nE       \tGetHandleVerifier [0x0x7ff62af97b24+117460]\nE       \tGetHandleVerifier [0x0x7ff62af97cdf+117903]\nE       \tGetHandleVerifier [0x0x7ff62af7dbb8+11112]\nE       \tBaseThreadInitThunk [0x0x7ff8652ae8d7+23]\nE       \tRtlUserThreadStart [0x0x7ff8668ac53c+44]\n\n.venv\\Lib\\site-packages\\selenium\\webdriver\\support\\wait.py:138: TimeoutException"}, "steps": [{"name": "Выбираем тариф 'Рабочий' и сохраняем его цену", "status": "passed", "steps": [{"name": "Выбрать тариф 'Рабочий'", "status": "passed", "start": 1761635233613, "stop": 1761635233687}, {"name": "Получить цену выбранного тарифа ''Рабочий''", "status": "passed", "steps": [{"name": "Получить все элементы тарифов", "status": "passed", "start": 1761635233688, "stop": 1761635233695}], "parameters": [{"name": "fare_name", "value": "'Рабочий'"}], "start": 1761635233688, "stop": 1761635233730}], "start": 1761635233613, "stop": 1761635233730}, {"name": "Включаем чекбокс 'Столик для ноутбука'", "status": "passed", "steps": [{"name": "Открыть Требования к заказу", "status": "passed", "start": 1761635233730, "stop": 1761635233763}, {"name": "Включить чекбокс 'Столик для ноутбука'", "status": "passed", "start": 1761635233763, "stop": 1761635233797}], "start": 1761635233730, "stop": 1761635233797}, {"name": "Нажимаем кнопку 'Вызвать такси'", "status": "passed", "steps": [{"name": "Нажать кнопку Ввести номер и заказать", "status": "passed", "start": 1761635233797, "stop": 1761635233834}], "start": 1761635233797, "stop": 1761635233834}, {"name": "Проверяем отображение окна ожидания машины", "status": "passed", "steps": [{"name": "Проверить окно ожидания машины", "status": "passed", "start": 1761635233834, "stop": 1761635233845}], "start": 1761635233834, "stop": 1761635233845}, {"name": "Дожидаемся завершения поиска машины и проверяем окно совершенного заказа", "status": "broken", "statusDetails": {"message": "selenium.common.exceptions.TimeoutException: Message: \nStacktrace:\n\tGetHandleVerifier [0x0x7ff62af8e8e5+80021]\n\tGetHandleVerifier [0x0x7ff62af8e940+80112]\n\t(No symbol) [0x0x7ff62ad1060f]\n\t(No symbol) [0x0x7ff62ad68854]\n\t(No symbol) [0x0x7ff62ad68b1c]\n\t(No symbol) [0x0x7ff62adbc927]\n\t(No symbol) [0x0x7ff62ad9126f]\n\t(No symbol) [0x0x7ff62adb968a]\n\t(No symbol) [0x0x7ff62ad91003]\n\t(No symbol) [0x0x7ff62ad595d1]\n\t(No symbol) [0x0x7ff62ad5a3f3]\n\tGetHandleVerifier [0x0x7ff62b24dc7d+2960429]\n\tGetHandleVerifier [0x0x7ff62b247f3a+2936554]\n\tGetHandleVerifier [0x0x7ff62b268977+3070247]\n\tGetHandleVerifier [0x0x7ff62afa83ce+185214]\n\tGetHandleVerifier [0x0x7ff62afafe1f+216527]\n\tGetHandleVerifier [0x0x7ff62af97b24+117460]\n\tGetHandleVerifier [0x0x7ff62af97cdf+117903]\n\tGetHandleVerifier [0x0x7ff62af7dbb8+11112]\n\tBaseThreadInitThunk [0x0x7ff8652ae8d7+23]\n\tRtlUserThreadStart [0x0x7ff8668ac53c+44]\n\n", "trace": "  File \"C:\\Users\\rokst\\PycharmProjects\\Sprint_10\\tests\\test_order_taxi.py\", line 50, in test_complete_order_flow\n    page.verify_completed_order_window_displayed()\n    ~~~~~~~~~~~~~~~~~~~~~~~~~~~~~~~~~~~~~~~~~~~~^^\n  File \"C:\\Users\\rokst\\PycharmProjects\\Sprint_10\\.venv\\Lib\\site-packages\\allure_commons\\_allure.py\", line 202, in impl\n    return func(*a, **kw)\n  File \"C:\\Users\\rokst\\PycharmProjects\\Sprint_10\\pages\\order_taxi_page.py\", line 102, in verify_completed_order_window_displayed\n    assert self.check_displayed_element(OrderTaxiLocators.CAR_NUMBER), \\\n           ~~~~~~~~~~~~~~~~~~~~~~~~~~~~^^^^^^^^^^^^^^^^^^^^^^^^^^^^^^\n  File \"C:\\Users\\rokst\\PycharmProjects\\Sprint_10\\pages\\base_page.py\", line 63, in check_displayed_element\n    element = self.waiting_for_element(locator)\n  File \"C:\\Users\\rokst\\PycharmProjects\\Sprint_10\\pages\\base_page.py\", line 18, in waiting_for_element\n    return self.wait.until(EC.visibility_of_element_located(locator))\n           ~~~~~~~~~~~~~~~^^^^^^^^^^^^^^^^^^^^^^^^^^^^^^^^^^^^^^^^^^^\n  File \"C:\\Users\\rokst\\PycharmProjects\\Sprint_10\\.venv\\Lib\\site-packages\\selenium\\webdriver\\support\\wait.py\", line 138, in until\n    raise TimeoutException(message, screen, stacktrace)\n"}, "steps": [{"name": "Проверить окно завершённого заказа", "status": "broken", "statusDetails": {"message": "selenium.common.exceptions.TimeoutException: Message: \nStacktrace:\n\tGetHandleVerifier [0x0x7ff62af8e8e5+80021]\n\tGetHandleVerifier [0x0x7ff62af8e940+80112]\n\t(No symbol) [0x0x7ff62ad1060f]\n\t(No symbol) [0x0x7ff62ad68854]\n\t(No symbol) [0x0x7ff62ad68b1c]\n\t(No symbol) [0x0x7ff62adbc927]\n\t(No symbol) [0x0x7ff62ad9126f]\n\t(No symbol) [0x0x7ff62adb968a]\n\t(No symbol) [0x0x7ff62ad91003]\n\t(No symbol) [0x0x7ff62ad595d1]\n\t(No symbol) [0x0x7ff62ad5a3f3]\n\tGetHandleVerifier [0x0x7ff62b24dc7d+2960429]\n\tGetHandleVerifier [0x0x7ff62b247f3a+2936554]\n\tGetHandleVerifier [0x0x7ff62b268977+3070247]\n\tGetHandleVerifier [0x0x7ff62afa83ce+185214]\n\tGetHandleVerifier [0x0x7ff62afafe1f+216527]\n\tGetHandleVerifier [0x0x7ff62af97b24+117460]\n\tGetHandleVerifier [0x0x7ff62af97cdf+117903]\n\tGetHandleVerifier [0x0x7ff62af7dbb8+11112]\n\tBaseThreadInitThunk [0x0x7ff8652ae8d7+23]\n\tRtlUserThreadStart [0x0x7ff8668ac53c+44]\n\n", "trace": "  File \"C:\\Users\\rokst\\PycharmProjects\\Sprint_10\\.venv\\Lib\\site-packages\\allure_commons\\_allure.py\", line 202, in impl\n    return func(*a, **kw)\n  File \"C:\\Users\\rokst\\PycharmProjects\\Sprint_10\\pages\\order_taxi_page.py\", line 102, in verify_completed_order_window_displayed\n    assert self.check_displayed_element(OrderTaxiLocators.CAR_NUMBER), \\\n           ~~~~~~~~~~~~~~~~~~~~~~~~~~~~^^^^^^^^^^^^^^^^^^^^^^^^^^^^^^\n  File \"C:\\Users\\rokst\\PycharmProjects\\Sprint_10\\pages\\base_page.py\", line 63, in check_displayed_element\n    element = self.waiting_for_element(locator)\n  File \"C:\\Users\\rokst\\PycharmProjects\\Sprint_10\\pages\\base_page.py\", line 18, in waiting_for_element\n    return self.wait.until(EC.visibility_of_element_located(locator))\n           ~~~~~~~~~~~~~~~^^^^^^^^^^^^^^^^^^^^^^^^^^^^^^^^^^^^^^^^^^^\n  File \"C:\\Users\\rokst\\PycharmProjects\\Sprint_10\\.venv\\Lib\\site-packages\\selenium\\webdriver\\support\\wait.py\", line 138, in until\n    raise TimeoutException(message, screen, stacktrace)\n"}, "start": 1761635233845, "stop": 1761635254023}], "start": 1761635233845, "stop": 1761635254024}], "start": 1761635233613, "stop": 1761635254024, "uuid": "f0fdcf23-9c5f-42c3-a016-d27058602a5a", "historyId": "6f744b83cb837ff5a8e39709432edd07", "testCaseId": "6f744b83cb837ff5a8e39709432edd07", "fullName": "tests.test_order_taxi.TestOrderTaxi#test_complete_order_flow", "labels": [{"name": "parentSuite", "value": "tests"}, {"name": "suite", "value": "test_order_taxi"}, {"name": "subSuite", "value": "TestOrderTaxi"}, {"name": "host", "value": "Ksu"}, {"name": "thread", "value": "2480-MainThread"}, {"name": "framework", "value": "pytest"}, {"name": "language", "value": "cpython3"}, {"name": "package", "value": "tests.test_order_taxi"}], "titlePath": ["tests", "test_order_taxi.py", "TestOrderTaxi"]}